<?xml version="1.0" encoding="UTF-8"?>
<!-- Generated by org.testng.reporters.JUnitReportReporter -->
<testsuite skipped="0" hostname="WKWIN0290104" name="testcoding.FlightBookingTest" tests="1" failures="0" timestamp="26 Apr 2018 05:12:13 GMT" time="24.362" errors="0">
  <testcase name="testThatResultsAppearForAOneWayJourney" time="24.362" classname="testcoding.FlightBookingTest"/>
</testsuite> <!-- testcoding.FlightBookingTest -->
