<?xml version="1.0" encoding="UTF-8"?>
<!-- Generated by org.testng.reporters.JUnitReportReporter -->
<testsuite skipped="0" hostname="WKWIN0290104" name="testcoding.SignInTest" tests="1" failures="0" timestamp="26 Apr 2018 05:12:13 GMT" time="16.203" errors="0">
  <testcase name="shouldThrowAnErrorIfSignInDetailsAreMissing" time="16.203" classname="testcoding.SignInTest"/>
</testsuite> <!-- testcoding.SignInTest -->
